

*******************************************************************************
Tue Feb 11 13:19:49 2014


FIT:    data read from "../data/force.dat" using 1:2
        format = x:z
        #datapoints = 10
        residuals are weighted equally (unit weight)

function used for fitting: f(x)
fitted parameters initialized with current variable values



 Iteration 0
 WSSR        : 659177            delta(WSSR)/WSSR   : 0
 delta(WSSR) : 0                 limit for stopping : 1e-05
 lambda	  : 0.707127

initial set of free parameter values

a               = 1
b               = 1

After 5 iterations the fit converged.
final sum of squares of residuals : 79449.3
rel. change during last iteration : -1.15421e-08

degrees of freedom    (FIT_NDF)                        : 8
rms of residuals      (FIT_STDFIT) = sqrt(WSSR/ndf)    : 99.6552
variance of residuals (reduced chisquare) = WSSR/ndf   : 9931.17

Final set of parameters            Asymptotic Standard Error
=======================            ==========================

a               = 8133.08          +/- 5670         (69.71%)
b               = 195.045          +/- 43.23        (22.17%)


correlation matrix of the fit parameters:

               a      b      
a               1.000 
b              -0.685  1.000 


*******************************************************************************
Tue Feb 11 13:21:52 2014


FIT:    data read from "../data/force.dat" using 1:2
        format = x:z
        #datapoints = 10
        residuals are weighted equally (unit weight)

function used for fitting: f(x)
fitted parameters initialized with current variable values



 Iteration 0
 WSSR        : 659177            delta(WSSR)/WSSR   : 0
 delta(WSSR) : 0                 limit for stopping : 1e-05
 lambda	  : 0.707127

initial set of free parameter values

a               = 1
b               = 1

After 5 iterations the fit converged.
final sum of squares of residuals : 79449.3
rel. change during last iteration : -1.15421e-08

degrees of freedom    (FIT_NDF)                        : 8
rms of residuals      (FIT_STDFIT) = sqrt(WSSR/ndf)    : 99.6552
variance of residuals (reduced chisquare) = WSSR/ndf   : 9931.17

Final set of parameters            Asymptotic Standard Error
=======================            ==========================

a               = 8133.08          +/- 5670         (69.71%)
b               = 195.045          +/- 43.23        (22.17%)


correlation matrix of the fit parameters:

               a      b      
a               1.000 
b              -0.685  1.000 


*******************************************************************************
Tue Feb 11 13:23:23 2014


FIT:    data read from "../data/force.dat" using 1:2
        format = x:z
        #datapoints = 10
        residuals are weighted equally (unit weight)

function used for fitting: f(x)
fitted parameters initialized with current variable values



 Iteration 0
 WSSR        : 659177            delta(WSSR)/WSSR   : 0
 delta(WSSR) : 0                 limit for stopping : 1e-05
 lambda	  : 0.707127

initial set of free parameter values

a               = 1
b               = 1

After 5 iterations the fit converged.
final sum of squares of residuals : 79449.3
rel. change during last iteration : -1.15421e-08

degrees of freedom    (FIT_NDF)                        : 8
rms of residuals      (FIT_STDFIT) = sqrt(WSSR/ndf)    : 99.6552
variance of residuals (reduced chisquare) = WSSR/ndf   : 9931.17

Final set of parameters            Asymptotic Standard Error
=======================            ==========================

a               = 8133.08          +/- 5670         (69.71%)
b               = 195.045          +/- 43.23        (22.17%)


correlation matrix of the fit parameters:

               a      b      
a               1.000 
b              -0.685  1.000 


*******************************************************************************
Tue Feb 11 13:25:55 2014


FIT:    data read from "../data/force.dat" using 1:2
        format = x:z
        #datapoints = 10
        residuals are weighted equally (unit weight)

function used for fitting: f(x)
fitted parameters initialized with current variable values



 Iteration 0
 WSSR        : 659177            delta(WSSR)/WSSR   : 0
 delta(WSSR) : 0                 limit for stopping : 1e-05
 lambda	  : 0.707127

initial set of free parameter values

a               = 1
b               = 1

After 5 iterations the fit converged.
final sum of squares of residuals : 79449.3
rel. change during last iteration : -1.15421e-08

degrees of freedom    (FIT_NDF)                        : 8
rms of residuals      (FIT_STDFIT) = sqrt(WSSR/ndf)    : 99.6552
variance of residuals (reduced chisquare) = WSSR/ndf   : 9931.17

Final set of parameters            Asymptotic Standard Error
=======================            ==========================

a               = 8133.08          +/- 5670         (69.71%)
b               = 195.045          +/- 43.23        (22.17%)


correlation matrix of the fit parameters:

               a      b      
a               1.000 
b              -0.685  1.000 


*******************************************************************************
Tue Feb 11 13:28:29 2014


FIT:    data read from "../data/force.dat" using 1:2
        format = x:z
        #datapoints = 10
        residuals are weighted equally (unit weight)

function used for fitting: f(x)
fitted parameters initialized with current variable values



 Iteration 0
 WSSR        : 659177            delta(WSSR)/WSSR   : 0
 delta(WSSR) : 0                 limit for stopping : 1e-05
 lambda	  : 0.707127

initial set of free parameter values

a               = 1
b               = 1

After 5 iterations the fit converged.
final sum of squares of residuals : 79449.3
rel. change during last iteration : -1.15421e-08

degrees of freedom    (FIT_NDF)                        : 8
rms of residuals      (FIT_STDFIT) = sqrt(WSSR/ndf)    : 99.6552
variance of residuals (reduced chisquare) = WSSR/ndf   : 9931.17

Final set of parameters            Asymptotic Standard Error
=======================            ==========================

a               = 8133.08          +/- 5670         (69.71%)
b               = 195.045          +/- 43.23        (22.17%)


correlation matrix of the fit parameters:

               a      b      
a               1.000 
b              -0.685  1.000 


*******************************************************************************
Tue Feb 11 13:29:49 2014


FIT:    data read from "../data/force.dat" using 1:2
        format = x:z
        #datapoints = 10
        residuals are weighted equally (unit weight)

function used for fitting: f(x)
fitted parameters initialized with current variable values



 Iteration 0
 WSSR        : 659177            delta(WSSR)/WSSR   : 0
 delta(WSSR) : 0                 limit for stopping : 1e-05
 lambda	  : 0.707127

initial set of free parameter values

a               = 1
b               = 1

After 5 iterations the fit converged.
final sum of squares of residuals : 79449.3
rel. change during last iteration : -1.15421e-08

degrees of freedom    (FIT_NDF)                        : 8
rms of residuals      (FIT_STDFIT) = sqrt(WSSR/ndf)    : 99.6552
variance of residuals (reduced chisquare) = WSSR/ndf   : 9931.17

Final set of parameters            Asymptotic Standard Error
=======================            ==========================

a               = 8133.08          +/- 5670         (69.71%)
b               = 195.045          +/- 43.23        (22.17%)


correlation matrix of the fit parameters:

               a      b      
a               1.000 
b              -0.685  1.000 


*******************************************************************************
Tue Feb 11 13:30:40 2014


FIT:    data read from "../data/force.dat" using 1:2
        format = x:z
        #datapoints = 10
        residuals are weighted equally (unit weight)

function used for fitting: f(x)
fitted parameters initialized with current variable values



 Iteration 0
 WSSR        : 659177            delta(WSSR)/WSSR   : 0
 delta(WSSR) : 0                 limit for stopping : 1e-05
 lambda	  : 0.707127

initial set of free parameter values

a               = 1
b               = 1

After 5 iterations the fit converged.
final sum of squares of residuals : 79449.3
rel. change during last iteration : -1.15421e-08

degrees of freedom    (FIT_NDF)                        : 8
rms of residuals      (FIT_STDFIT) = sqrt(WSSR/ndf)    : 99.6552
variance of residuals (reduced chisquare) = WSSR/ndf   : 9931.17

Final set of parameters            Asymptotic Standard Error
=======================            ==========================

a               = 8133.08          +/- 5670         (69.71%)
b               = 195.045          +/- 43.23        (22.17%)


correlation matrix of the fit parameters:

               a      b      
a               1.000 
b              -0.685  1.000 


*******************************************************************************
Tue Feb 11 13:30:49 2014


FIT:    data read from "../data/force.dat" using 1:2
        format = x:z
        #datapoints = 10
        residuals are weighted equally (unit weight)

function used for fitting: f(x)
fitted parameters initialized with current variable values



 Iteration 0
 WSSR        : 659177            delta(WSSR)/WSSR   : 0
 delta(WSSR) : 0                 limit for stopping : 1e-05
 lambda	  : 0.707127

initial set of free parameter values

a               = 1
b               = 1

After 5 iterations the fit converged.
final sum of squares of residuals : 79449.3
rel. change during last iteration : -1.15421e-08

degrees of freedom    (FIT_NDF)                        : 8
rms of residuals      (FIT_STDFIT) = sqrt(WSSR/ndf)    : 99.6552
variance of residuals (reduced chisquare) = WSSR/ndf   : 9931.17

Final set of parameters            Asymptotic Standard Error
=======================            ==========================

a               = 8133.08          +/- 5670         (69.71%)
b               = 195.045          +/- 43.23        (22.17%)


correlation matrix of the fit parameters:

               a      b      
a               1.000 
b              -0.685  1.000 


*******************************************************************************
Tue Feb 11 13:31:04 2014


FIT:    data read from "../data/force.dat" using 1:2
        format = x:z
        #datapoints = 10
        residuals are weighted equally (unit weight)

function used for fitting: f(x)
fitted parameters initialized with current variable values



 Iteration 0
 WSSR        : 659177            delta(WSSR)/WSSR   : 0
 delta(WSSR) : 0                 limit for stopping : 1e-05
 lambda	  : 0.707127

initial set of free parameter values

a               = 1
b               = 1

After 5 iterations the fit converged.
final sum of squares of residuals : 79449.3
rel. change during last iteration : -1.15421e-08

degrees of freedom    (FIT_NDF)                        : 8
rms of residuals      (FIT_STDFIT) = sqrt(WSSR/ndf)    : 99.6552
variance of residuals (reduced chisquare) = WSSR/ndf   : 9931.17

Final set of parameters            Asymptotic Standard Error
=======================            ==========================

a               = 8133.08          +/- 5670         (69.71%)
b               = 195.045          +/- 43.23        (22.17%)


correlation matrix of the fit parameters:

               a      b      
a               1.000 
b              -0.685  1.000 


*******************************************************************************
Tue Feb 11 13:31:17 2014


FIT:    data read from "../data/force.dat" using 1:2
        format = x:z
        #datapoints = 10
        residuals are weighted equally (unit weight)

function used for fitting: f(x)
fitted parameters initialized with current variable values



 Iteration 0
 WSSR        : 659177            delta(WSSR)/WSSR   : 0
 delta(WSSR) : 0                 limit for stopping : 1e-05
 lambda	  : 0.707127

initial set of free parameter values

a               = 1
b               = 1

After 5 iterations the fit converged.
final sum of squares of residuals : 79449.3
rel. change during last iteration : -1.15421e-08

degrees of freedom    (FIT_NDF)                        : 8
rms of residuals      (FIT_STDFIT) = sqrt(WSSR/ndf)    : 99.6552
variance of residuals (reduced chisquare) = WSSR/ndf   : 9931.17

Final set of parameters            Asymptotic Standard Error
=======================            ==========================

a               = 8133.08          +/- 5670         (69.71%)
b               = 195.045          +/- 43.23        (22.17%)


correlation matrix of the fit parameters:

               a      b      
a               1.000 
b              -0.685  1.000 
